{"name": "PUT /users/2", "status": "failed", "statusDetails": {"message": "AssertionError: ❌ Ожидался статус 200, но получен 401\nURL: https://reqres.in/api/users/2\nОтвет: {\"error\":\"Missing API key\"}", "trace": "@allure.title(\"PUT /users/2\")\n    def test_update_user_put():\n        with allure.step(\"Обновляем пользователя (PUT)\"):\n            payload = UserRequest(name=\"Rustam\", job=\"Lead QA\")\n            resp = client.request(\"PUT\", \"/users/2\", json=payload.to_dict())\n>           assert_status_code(resp, 200)\n\ntests/test_api.py:41: \n_ _ _ _ _ _ _ _ _ _ _ _ _ _ _ _ _ _ _ _ _ _ _ _ _ _ _ _ _ _ _ _ _ _ _ _ _ _ _ _ \n\nresponse = <Response [401]>, expected_codes = (200,), status_code = 401\nexpected_str = '200'\n\n    def assert_status_code(response, *expected_codes):\n        \"\"\"\n        Проверяет, что статус-код входит в список допустимых.\n        \"\"\"\n        status_code = response.status_code\n        expected_str = \", \".join(map(str, expected_codes))\n    \n        if status_code not in expected_codes:\n            allure.attach(\n                response.text,\n                name=f\"Response body ({status_code})\",\n                attachment_type=allure.attachment_type.JSON\n            )\n>           raise AssertionError(\n                f\"❌ Ожидался статус {expected_str}, но получен {status_code}\\n\"\n                f\"URL: {response.url}\\n\"\n                f\"Ответ: {response.text}\"\n            )\nE           AssertionError: ❌ Ожидался статус 200, но получен 401\nE           URL: https://reqres.in/api/users/2\nE           Ответ: {\"error\":\"Missing API key\"}\n\nsrc/framework/utils/assertions.py:18: AssertionError"}, "steps": [{"name": "Обновляем пользователя (PUT)", "status": "failed", "statusDetails": {"message": "AssertionError: ❌ Ожидался статус 200, но получен 401\nURL: https://reqres.in/api/users/2\nОтвет: {\"error\":\"Missing API key\"}\n", "trace": "  File \"/Users/rustam/Desktop/pythonProjects/new_py_api_ui/tests/test_api.py\", line 41, in test_update_user_put\n    assert_status_code(resp, 200)\n    ~~~~~~~~~~~~~~~~~~^^^^^^^^^^^\n  File \"/Users/rustam/Desktop/pythonProjects/new_py_api_ui/src/framework/utils/assertions.py\", line 18, in assert_status_code\n    raise AssertionError(\n    ...<3 lines>...\n    )\n"}, "steps": [{"name": "Отправляем 'PUT' запрос на '/users/2'", "status": "passed", "attachments": [{"name": "Request", "source": "a5a7e02a-d926-4060-b794-a62abde419d3-attachment.json", "type": "application/json"}, {"name": "Response", "source": "011c9488-d436-4399-a62d-1c6bc294d455-attachment.json", "type": "application/json"}], "parameters": [{"name": "method", "value": "'PUT'"}, {"name": "endpoint", "value": "'/users/2'"}, {"name": "json", "value": "{'name': 'Rustam', 'job': 'Lead QA'}"}], "start": 1761664004562, "stop": 1761664004991}], "attachments": [{"name": "Response body (401)", "source": "d82db9e1-9f9b-4210-b232-e795342a62c7-attachment.json", "type": "application/json"}], "start": 1761664004562, "stop": 1761664004991}], "start": 1761664004562, "stop": 1761664004994, "uuid": "c07e6bb8-d1e1-49b9-968a-21fdc011f97b", "historyId": "e20462842bd3c71f8f07c9cecd424b5b", "testCaseId": "e20462842bd3c71f8f07c9cecd424b5b", "fullName": "tests.test_api#test_update_user_put", "labels": [{"name": "parentSuite", "value": "tests"}, {"name": "suite", "value": "test_api"}, {"name": "host", "value": "Rustams-MacBook-Pro.local"}, {"name": "thread", "value": "17633-MainThread"}, {"name": "framework", "value": "pytest"}, {"name": "language", "value": "cpython3"}, {"name": "package", "value": "tests.test_api"}]}