{"name": "PATCH /users/2", "status": "failed", "statusDetails": {"message": "AssertionError: assert 401 == 200\n +  where 401 = <Response [401]>.status_code", "trace": "@allure.title(\"PATCH /users/2\")\n    def test_update_user_patch():\n        with allure.step(\"Обновляем пользователя PATCH\"):\n            payload = {\"job\": \"Automation Architect\"}\n            resp = send_request(\"PATCH\", f\"{BASE_URL}/users/2\", json=payload)\n>           assert resp.status_code == 200\nE           assert 401 == 200\nE            +  where 401 = <Response [401]>.status_code\n\ntests/test_api.py:71: AssertionError"}, "steps": [{"name": "Обновляем пользователя PATCH", "status": "failed", "statusDetails": {"message": "AssertionError: assert 401 == 200\n +  where 401 = <Response [401]>.status_code\n", "trace": "  File \"/Users/rustam/Desktop/pythonProjects/new_py_api_ui/tests/test_api.py\", line 71, in test_update_user_patch\n    assert resp.status_code == 200\n"}, "steps": [{"name": "Отправляем 'PATCH' запрос на 'https://reqres.in/api/users/2'", "status": "passed", "attachments": [{"name": "Request", "source": "597ea354-d62a-4e3a-829d-e50816201142-attachment.json", "type": "application/json"}, {"name": "Response", "source": "687ad2e0-40ed-4e00-b212-3d80c649f932-attachment.json", "type": "application/json"}], "parameters": [{"name": "method", "value": "'PATCH'"}, {"name": "url", "value": "'https://reqres.in/api/users/2'"}, {"name": "json", "value": "{'job': 'Automation Architect'}"}], "start": 1761638275093, "stop": 1761638275561}], "start": 1761638275093, "stop": 1761638275562}], "start": 1761638275093, "stop": 1761638275563, "uuid": "dc064090-e784-4f7b-8f34-147cf629def5", "historyId": "2ee7ffe9fd5026e11ac9bb6bca8100b6", "testCaseId": "2ee7ffe9fd5026e11ac9bb6bca8100b6", "fullName": "tests.test_api#test_update_user_patch", "labels": [{"name": "parentSuite", "value": "tests"}, {"name": "suite", "value": "test_api"}, {"name": "host", "value": "Rustams-MacBook-Pro.local"}, {"name": "thread", "value": "5358-MainThread"}, {"name": "framework", "value": "pytest"}, {"name": "language", "value": "cpython3"}, {"name": "package", "value": "tests.test_api"}]}