{"name": "POST /users", "status": "failed", "statusDetails": {"message": "AssertionError: assert 401 == 201\n +  where 401 = <Response [401]>.status_code", "trace": "@allure.title(\"POST /users\")\n    def test_create_user():\n        with allure.step(\"Создаём нового пользователя\"):\n            payload = {\"name\": \"Rustam\", \"job\": \"QA Engineer\"}\n            resp = send_request(\"POST\", f\"{BASE_URL}/users\", json=payload)\n>           assert resp.status_code == 201\nE           assert 401 == 201\nE            +  where 401 = <Response [401]>.status_code\n\ntests/test_api.py:54: AssertionError"}, "steps": [{"name": "Создаём нового пользователя", "status": "failed", "statusDetails": {"message": "AssertionError: assert 401 == 201\n +  where 401 = <Response [401]>.status_code\n", "trace": "  File \"/Users/rustam/Desktop/pythonProjects/new_py_api_ui/tests/test_api.py\", line 54, in test_create_user\n    assert resp.status_code == 201\n"}, "steps": [{"name": "Отправляем 'POST' запрос на 'https://reqres.in/api/users'", "status": "passed", "attachments": [{"name": "Request", "source": "015d6aca-3741-4c96-956a-718f7af05899-attachment.json", "type": "application/json"}, {"name": "Response", "source": "9dc96bd6-2cdd-40ac-a3c9-7f036652fe92-attachment.json", "type": "application/json"}], "parameters": [{"name": "method", "value": "'POST'"}, {"name": "url", "value": "'https://reqres.in/api/users'"}, {"name": "json", "value": "{'name': 'Rustam', 'job': 'QA Engineer'}"}], "start": 1761653559651, "stop": 1761653560094}], "start": 1761653559651, "stop": 1761653560094}], "start": 1761653559651, "stop": 1761653560096, "uuid": "0c605320-31b0-4edc-8486-67d2bf9a5b92", "historyId": "6dc6ade2f649e89ff38a3162f9d7ef57", "testCaseId": "6dc6ade2f649e89ff38a3162f9d7ef57", "fullName": "tests.test_api#test_create_user", "labels": [{"name": "parentSuite", "value": "tests"}, {"name": "suite", "value": "test_api"}, {"name": "host", "value": "Rustams-MacBook-Pro.local"}, {"name": "thread", "value": "12152-MainThread"}, {"name": "framework", "value": "pytest"}, {"name": "language", "value": "cpython3"}, {"name": "package", "value": "tests.test_api"}]}