{"name": "DELETE /users/2", "status": "failed", "statusDetails": {"message": "AssertionError: ❌ Ожидался статус 200, 204, но получен 401\nURL: https://reqres.in/api/users/2\nОтвет: {\"error\":\"Missing API key\"}", "trace": "@allure.title(\"DELETE /users/2\")\n    def test_delete_user():\n        with allure.step(\"Удаляем пользователя\"):\n            resp = client.request(\"DELETE\", \"/users/2\")\n>           assert_status_code(resp, 200, 204)\n\ntests/test_api.py:56: \n_ _ _ _ _ _ _ _ _ _ _ _ _ _ _ _ _ _ _ _ _ _ _ _ _ _ _ _ _ _ _ _ _ _ _ _ _ _ _ _ \n\nresponse = <Response [401]>, expected_codes = (200, 204), status_code = 401\nexpected_str = '200, 204'\n\n    def assert_status_code(response, *expected_codes):\n        \"\"\"\n        Проверяет, что статус-код входит в список допустимых.\n        \"\"\"\n        status_code = response.status_code\n        expected_str = \", \".join(map(str, expected_codes))\n    \n        if status_code not in expected_codes:\n            allure.attach(\n                response.text,\n                name=f\"Response body ({status_code})\",\n                attachment_type=allure.attachment_type.JSON\n            )\n>           raise AssertionError(\n                f\"❌ Ожидался статус {expected_str}, но получен {status_code}\\n\"\n                f\"URL: {response.url}\\n\"\n                f\"Ответ: {response.text}\"\n            )\nE           AssertionError: ❌ Ожидался статус 200, 204, но получен 401\nE           URL: https://reqres.in/api/users/2\nE           Ответ: {\"error\":\"Missing API key\"}\n\nsrc/framework/utils/assertions.py:18: AssertionError"}, "steps": [{"name": "Удаляем пользователя", "status": "failed", "statusDetails": {"message": "AssertionError: ❌ Ожидался статус 200, 204, но получен 401\nURL: https://reqres.in/api/users/2\nОтвет: {\"error\":\"Missing API key\"}\n", "trace": "  File \"/Users/rustam/Desktop/pythonProjects/new_py_api_ui/tests/test_api.py\", line 56, in test_delete_user\n    assert_status_code(resp, 200, 204)\n    ~~~~~~~~~~~~~~~~~~^^^^^^^^^^^^^^^^\n  File \"/Users/rustam/Desktop/pythonProjects/new_py_api_ui/src/framework/utils/assertions.py\", line 18, in assert_status_code\n    raise AssertionError(\n    ...<3 lines>...\n    )\n"}, "steps": [{"name": "Отправляем 'DELETE' запрос на '/users/2'", "status": "passed", "attachments": [{"name": "Request", "source": "8b792282-d087-4545-be84-8df5bb645603-attachment.json", "type": "application/json"}, {"name": "Response", "source": "2cb66ebd-c9ef-4f10-8d06-7978f7d03e63-attachment.json", "type": "application/json"}], "parameters": [{"name": "method", "value": "'DELETE'"}, {"name": "endpoint", "value": "'/users/2'"}], "start": 1761664004566, "stop": 1761664005014}], "attachments": [{"name": "Response body (401)", "source": "1c87e999-76ca-4cca-8a19-39271ce221f4-attachment.json", "type": "application/json"}], "start": 1761664004566, "stop": 1761664005015}], "start": 1761664004566, "stop": 1761664005017, "uuid": "adffb521-43d9-4529-a2ca-fe3ce880adb3", "historyId": "ff34f976c058d4b9cd623d8ff1d2bc99", "testCaseId": "ff34f976c058d4b9cd623d8ff1d2bc99", "fullName": "tests.test_api#test_delete_user", "labels": [{"name": "parentSuite", "value": "tests"}, {"name": "suite", "value": "test_api"}, {"name": "host", "value": "Rustams-MacBook-Pro.local"}, {"name": "thread", "value": "17635-MainThread"}, {"name": "framework", "value": "pytest"}, {"name": "language", "value": "cpython3"}, {"name": "package", "value": "tests.test_api"}]}