{"name": "DELETE /users/2", "status": "failed", "statusDetails": {"message": "AssertionError: assert 401 == 204\n +  where 401 = <Response [401]>.status_code", "trace": "@allure.title(\"DELETE /users/2\")\n    def test_delete_user():\n        with allure.step(\"Удаляем пользователя\"):\n            resp = send_request(\"DELETE\", f\"{BASE_URL}/users/2\")\n>           assert resp.status_code == 204\nE           assert 401 == 204\nE            +  where 401 = <Response [401]>.status_code\n\ntests/test_api.py:78: AssertionError"}, "steps": [{"name": "Удаляем пользователя", "status": "failed", "statusDetails": {"message": "AssertionError: assert 401 == 204\n +  where 401 = <Response [401]>.status_code\n", "trace": "  File \"/Users/rustam/Desktop/pythonProjects/new_py_api_ui/tests/test_api.py\", line 78, in test_delete_user\n    assert resp.status_code == 204\n"}, "steps": [{"name": "Отправляем 'DELETE' запрос на 'https://reqres.in/api/users/2'", "status": "passed", "attachments": [{"name": "Request", "source": "ced6f1de-4a10-4634-8c58-7cbd292da964-attachment.json", "type": "application/json"}, {"name": "Response", "source": "b3fd04b5-03f3-4a1a-9518-fc3602a7458b-attachment.json", "type": "application/json"}], "parameters": [{"name": "method", "value": "'DELETE'"}, {"name": "url", "value": "'https://reqres.in/api/users/2'"}], "start": 1761653559651, "stop": 1761653560093}], "start": 1761653559651, "stop": 1761653560094}], "start": 1761653559651, "stop": 1761653560096, "uuid": "32486b6e-ba17-4ae5-956c-3580d18653b7", "historyId": "ff34f976c058d4b9cd623d8ff1d2bc99", "testCaseId": "ff34f976c058d4b9cd623d8ff1d2bc99", "fullName": "tests.test_api#test_delete_user", "labels": [{"name": "parentSuite", "value": "tests"}, {"name": "suite", "value": "test_api"}, {"name": "host", "value": "Rustams-MacBook-Pro.local"}, {"name": "thread", "value": "12155-MainThread"}, {"name": "framework", "value": "pytest"}, {"name": "language", "value": "cpython3"}, {"name": "package", "value": "tests.test_api"}]}