{"name": "PUT /users/2", "status": "failed", "statusDetails": {"message": "AssertionError: assert 401 == 200\n +  where 401 = <Response [401]>.status_code", "trace": "@allure.title(\"PUT /users/2\")\n    def test_update_user_put():\n        with allure.step(\"Обновляем пользователя PUT\"):\n            payload = {\"name\": \"Rustam\", \"job\": \"Lead QA\"}\n            resp = send_request(\"PUT\", f\"{BASE_URL}/users/2\", json=payload)\n>           assert resp.status_code == 200\nE           assert 401 == 200\nE            +  where 401 = <Response [401]>.status_code\n\ntests/test_api.py:63: AssertionError"}, "steps": [{"name": "Обновляем пользователя PUT", "status": "failed", "statusDetails": {"message": "AssertionError: assert 401 == 200\n +  where 401 = <Response [401]>.status_code\n", "trace": "  File \"/Users/rustam/Desktop/pythonProjects/new_py_api_ui/tests/test_api.py\", line 63, in test_update_user_put\n    assert resp.status_code == 200\n"}, "steps": [{"name": "Отправляем 'PUT' запрос на 'https://reqres.in/api/users/2'", "status": "passed", "attachments": [{"name": "Request", "source": "641fd15f-923c-4888-acd9-6e3cf8c0b0cf-attachment.json", "type": "application/json"}, {"name": "Response", "source": "245805b9-7639-4fd5-9f71-00e36d0a26f0-attachment.json", "type": "application/json"}], "parameters": [{"name": "method", "value": "'PUT'"}, {"name": "url", "value": "'https://reqres.in/api/users/2'"}, {"name": "json", "value": "{'name': 'Rustam', 'job': 'Lead QA'}"}], "start": 1761653559653, "stop": 1761653560094}], "start": 1761653559653, "stop": 1761653560094}], "start": 1761653559652, "stop": 1761653560096, "uuid": "e26f55e6-d6ad-400b-913e-031836a5f050", "historyId": "e20462842bd3c71f8f07c9cecd424b5b", "testCaseId": "e20462842bd3c71f8f07c9cecd424b5b", "fullName": "tests.test_api#test_update_user_put", "labels": [{"name": "parentSuite", "value": "tests"}, {"name": "suite", "value": "test_api"}, {"name": "host", "value": "Rustams-MacBook-Pro.local"}, {"name": "thread", "value": "12153-MainThread"}, {"name": "framework", "value": "pytest"}, {"name": "language", "value": "cpython3"}, {"name": "package", "value": "tests.test_api"}]}