{"name": "DELETE /users/2", "status": "failed", "statusDetails": {"message": "AssertionError: assert 401 == 204\n +  where 401 = <Response [401]>.status_code", "trace": "@allure.title(\"DELETE /users/2\")\n    def test_delete_user():\n        url = f\"{BASE_URL}/users/2\"\n        log_request(\"DELETE\", url)\n        resp = requests.delete(url)\n        log_response(resp)\n>       assert resp.status_code == 204\nE       assert 401 == 204\nE        +  where 401 = <Response [401]>.status_code\n\ntest_api.py:74: AssertionError"}, "attachments": [{"name": "Request", "source": "1331dab9-5022-45c1-b4c3-2c9c87f48cfc-attachment.json", "type": "application/json"}, {"name": "Response", "source": "c47b80f2-2bc4-4eda-9b52-416b0f8982a8-attachment.json", "type": "application/json"}], "start": 1761589044442, "stop": 1761589047159, "uuid": "93d6d9ce-2422-49f6-9b92-7d4e3b6ac1a1", "historyId": "ff34f976c058d4b9cd623d8ff1d2bc99", "testCaseId": "ff34f976c058d4b9cd623d8ff1d2bc99", "fullName": "tests.test_api#test_delete_user", "labels": [{"name": "parentSuite", "value": "tests"}, {"name": "suite", "value": "test_api"}, {"name": "host", "value": "Rustams-MacBook-Pro.local"}, {"name": "thread", "value": "29661-MainThread"}, {"name": "framework", "value": "pytest"}, {"name": "language", "value": "cpython3"}, {"name": "package", "value": "tests.test_api"}], "titlePath": ["tests", "test_api.py"]}