{"name": "PUT /users/2", "status": "failed", "statusDetails": {"message": "AssertionError: assert 401 == 200\n +  where 401 = <Response [401]>.status_code", "trace": "@allure.title(\"PUT /users/2\")\n    def test_update_user_put():\n        url = f\"{BASE_URL}/users/2\"\n        payload = {\"name\": \"Rustam\", \"job\": \"Lead QA\"}\n        log_request(\"PUT\", url, json=payload)\n        resp = requests.put(url, json=payload)\n        log_response(resp)\n>       assert resp.status_code == 200\nE       assert 401 == 200\nE        +  where 401 = <Response [401]>.status_code\n\ntest_api.py:55: AssertionError"}, "attachments": [{"name": "Request", "source": "e3e305cf-eb7a-4465-9d1e-b127189666bc-attachment.json", "type": "application/json"}, {"name": "Response", "source": "8b5a65ff-fbf3-4048-a57a-f038bc023d04-attachment.json", "type": "application/json"}], "start": 1761589044439, "stop": 1761589045891, "uuid": "d50e84ee-7c2e-4970-8969-0f76a054f825", "historyId": "e20462842bd3c71f8f07c9cecd424b5b", "testCaseId": "e20462842bd3c71f8f07c9cecd424b5b", "fullName": "tests.test_api#test_update_user_put", "labels": [{"name": "parentSuite", "value": "tests"}, {"name": "suite", "value": "test_api"}, {"name": "host", "value": "Rustams-MacBook-Pro.local"}, {"name": "thread", "value": "29659-MainThread"}, {"name": "framework", "value": "pytest"}, {"name": "language", "value": "cpython3"}, {"name": "package", "value": "tests.test_api"}], "titlePath": ["tests", "test_api.py"]}