{"name": "PATCH /users/2", "status": "failed", "statusDetails": {"message": "AssertionError: assert 401 == 200\n +  where 401 = <Response [401]>.status_code", "trace": "@allure.title(\"PATCH /users/2\")\n    def test_update_user_patch():\n        url = f\"{BASE_URL}/users/2\"\n        payload = {\"job\": \"Automation Architect\"}\n        log_request(\"PATCH\", url, json=payload)\n        resp = requests.patch(url, json=payload)\n        log_response(resp)\n>       assert resp.status_code == 200\nE       assert 401 == 200\nE        +  where 401 = <Response [401]>.status_code\n\ntest_api.py:65: AssertionError"}, "attachments": [{"name": "Request", "source": "8a214283-e177-42dd-946a-d03f6ae51ff5-attachment.json", "type": "application/json"}, {"name": "Response", "source": "0bded465-e66f-4d70-97fe-7e21d096e4f8-attachment.json", "type": "application/json"}], "start": 1761633446107, "stop": 1761633446417, "uuid": "11c8c992-efdf-43dc-ab97-87cea1a6b113", "historyId": "2ee7ffe9fd5026e11ac9bb6bca8100b6", "testCaseId": "2ee7ffe9fd5026e11ac9bb6bca8100b6", "fullName": "tests.test_api#test_update_user_patch", "labels": [{"name": "parentSuite", "value": "tests"}, {"name": "suite", "value": "test_api"}, {"name": "host", "value": "Rustams-MacBook-Pro.local"}, {"name": "thread", "value": "2868-MainThread"}, {"name": "framework", "value": "pytest"}, {"name": "language", "value": "cpython3"}, {"name": "package", "value": "tests.test_api"}], "titlePath": ["tests", "test_api.py"]}