{"name": "POST /users", "status": "failed", "statusDetails": {"message": "AssertionError: assert 401 == 201\n +  where 401 = <Response [401]>.status_code", "trace": "@allure.title(\"POST /users\")\n    def test_create_user():\n        url = f\"{BASE_URL}/users\"\n        payload = {\"name\": \"Rustam\", \"job\": \"QA Engineer\"}\n        log_request(\"POST\", url, json=payload)\n        resp = requests.post(url, json=payload)\n        log_response(resp)\n>       assert resp.status_code == 201\nE       assert 401 == 201\nE        +  where 401 = <Response [401]>.status_code\n\ntest_api.py:44: AssertionError"}, "attachments": [{"name": "Request", "source": "1f3ce6e0-ac5b-4ddd-807b-1879c943dce4-attachment.json", "type": "application/json"}, {"name": "Response", "source": "99a22fb7-1434-4a4c-a5fc-2cda81db98aa-attachment.json", "type": "application/json"}], "start": 1761589044439, "stop": 1761589046828, "uuid": "4d867c49-3ba6-4e16-a88b-9ca0e6d21275", "historyId": "6dc6ade2f649e89ff38a3162f9d7ef57", "testCaseId": "6dc6ade2f649e89ff38a3162f9d7ef57", "fullName": "tests.test_api#test_create_user", "labels": [{"name": "parentSuite", "value": "tests"}, {"name": "suite", "value": "test_api"}, {"name": "host", "value": "Rustams-MacBook-Pro.local"}, {"name": "thread", "value": "29658-MainThread"}, {"name": "framework", "value": "pytest"}, {"name": "language", "value": "cpython3"}, {"name": "package", "value": "tests.test_api"}], "titlePath": ["tests", "test_api.py"]}