{"name": "POST /users", "status": "failed", "statusDetails": {"message": "AssertionError: assert 401 == 201\n +  where 401 = <Response [401]>.status_code", "trace": "@allure.title(\"POST /users\")\n    def test_create_user():\n        url = f\"{BASE_URL}/users\"\n        payload = {\"name\": \"Rustam\", \"job\": \"QA Engineer\"}\n        log_request(\"POST\", url, json=payload)\n        resp = requests.post(url, json=payload)\n        log_response(resp)\n>       assert resp.status_code == 201\nE       assert 401 == 201\nE        +  where 401 = <Response [401]>.status_code\n\ntest_api.py:44: AssertionError"}, "attachments": [{"name": "Request", "source": "9c77a383-2a66-4d50-a7f6-622f1f4f14de-attachment.json", "type": "application/json"}, {"name": "Response", "source": "43b628a4-6256-463c-9e48-3c8218b47b1a-attachment.json", "type": "application/json"}], "start": 1761633446107, "stop": 1761633446423, "uuid": "3c44cc78-d24e-45df-8c95-9829599f60ca", "historyId": "6dc6ade2f649e89ff38a3162f9d7ef57", "testCaseId": "6dc6ade2f649e89ff38a3162f9d7ef57", "fullName": "tests.test_api#test_create_user", "labels": [{"name": "parentSuite", "value": "tests"}, {"name": "suite", "value": "test_api"}, {"name": "host", "value": "Rustams-MacBook-Pro.local"}, {"name": "thread", "value": "2866-MainThread"}, {"name": "framework", "value": "pytest"}, {"name": "language", "value": "cpython3"}, {"name": "package", "value": "tests.test_api"}], "titlePath": ["tests", "test_api.py"]}