{"name": "DELETE /users/2", "status": "failed", "statusDetails": {"message": "AssertionError: assert 401 == 204\n +  where 401 = <Response [401]>.status_code", "trace": "@allure.title(\"DELETE /users/2\")\n    def test_delete_user():\n        url = f\"{BASE_URL}/users/2\"\n        log_request(\"DELETE\", url)\n        resp = requests.delete(url)\n        log_response(resp)\n>       assert resp.status_code == 204\nE       assert 401 == 204\nE        +  where 401 = <Response [401]>.status_code\n\ntest_api.py:74: AssertionError"}, "attachments": [{"name": "Request", "source": "3055fd88-f029-41af-9131-795784591fa9-attachment.json", "type": "application/json"}, {"name": "Response", "source": "f65aa7f3-7b63-4edb-ae2b-7dc1a2d97ede-attachment.json", "type": "application/json"}], "start": 1761633446107, "stop": 1761633446413, "uuid": "f0cc4c25-70f0-48bc-97c6-30f60bb05a88", "historyId": "ff34f976c058d4b9cd623d8ff1d2bc99", "testCaseId": "ff34f976c058d4b9cd623d8ff1d2bc99", "fullName": "tests.test_api#test_delete_user", "labels": [{"name": "parentSuite", "value": "tests"}, {"name": "suite", "value": "test_api"}, {"name": "host", "value": "Rustams-MacBook-Pro.local"}, {"name": "thread", "value": "2869-MainThread"}, {"name": "framework", "value": "pytest"}, {"name": "language", "value": "cpython3"}, {"name": "package", "value": "tests.test_api"}], "titlePath": ["tests", "test_api.py"]}