{"name": "PUT /users/2", "status": "failed", "statusDetails": {"message": "AssertionError: assert 401 == 200\n +  where 401 = <Response [401]>.status_code", "trace": "@allure.title(\"PUT /users/2\")\n    def test_update_user_put():\n        url = f\"{BASE_URL}/users/2\"\n        payload = {\"name\": \"Rustam\", \"job\": \"Lead QA\"}\n        log_request(\"PUT\", url, json=payload)\n        resp = requests.put(url, json=payload)\n        log_response(resp)\n>       assert resp.status_code == 200\nE       assert 401 == 200\nE        +  where 401 = <Response [401]>.status_code\n\ntest_api.py:55: AssertionError"}, "attachments": [{"name": "Request", "source": "295dacd9-ec15-495a-a456-71f8aeb96d6f-attachment.json", "type": "application/json"}, {"name": "Response", "source": "44b600e8-b062-4179-97b3-70a9d3d8d8ca-attachment.json", "type": "application/json"}], "start": 1761633446107, "stop": 1761633446416, "uuid": "ac759ddd-cd6d-4511-af3d-cf6ac44b115a", "historyId": "e20462842bd3c71f8f07c9cecd424b5b", "testCaseId": "e20462842bd3c71f8f07c9cecd424b5b", "fullName": "tests.test_api#test_update_user_put", "labels": [{"name": "parentSuite", "value": "tests"}, {"name": "suite", "value": "test_api"}, {"name": "host", "value": "Rustams-MacBook-Pro.local"}, {"name": "thread", "value": "2867-MainThread"}, {"name": "framework", "value": "pytest"}, {"name": "language", "value": "cpython3"}, {"name": "package", "value": "tests.test_api"}], "titlePath": ["tests", "test_api.py"]}