{"name": "PATCH /users/2", "status": "failed", "statusDetails": {"message": "AssertionError: assert 401 == 200\n +  where 401 = <Response [401]>.status_code", "trace": "@allure.title(\"PATCH /users/2\")\n    def test_update_user_patch():\n        url = f\"{BASE_URL}/users/2\"\n        payload = {\"job\": \"Automation Architect\"}\n        log_request(\"PATCH\", url, json=payload)\n        resp = requests.patch(url, json=payload)\n        log_response(resp)\n>       assert resp.status_code == 200\nE       assert 401 == 200\nE        +  where 401 = <Response [401]>.status_code\n\ntest_api.py:65: AssertionError"}, "attachments": [{"name": "Request", "source": "a94e36c6-ad0a-454b-9916-5fa9fe730539-attachment.json", "type": "application/json"}, {"name": "Response", "source": "18fb176d-3f51-45e6-95ed-b6fb0fe273f2-attachment.json", "type": "application/json"}], "start": 1761633214554, "stop": 1761633215018, "uuid": "8cdec7f5-2a0f-411e-84e6-740456a0c111", "historyId": "2ee7ffe9fd5026e11ac9bb6bca8100b6", "testCaseId": "2ee7ffe9fd5026e11ac9bb6bca8100b6", "fullName": "tests.test_api#test_update_user_patch", "labels": [{"name": "parentSuite", "value": "tests"}, {"name": "suite", "value": "test_api"}, {"name": "host", "value": "Rustams-MacBook-Pro.local"}, {"name": "thread", "value": "2634-MainThread"}, {"name": "framework", "value": "pytest"}, {"name": "language", "value": "cpython3"}, {"name": "package", "value": "tests.test_api"}], "titlePath": ["tests", "test_api.py"]}