{"name": "POST /users", "status": "failed", "statusDetails": {"message": "AssertionError: assert 401 == 201\n +  where 401 = <Response [401]>.status_code", "trace": "@allure.title(\"POST /users\")\n    def test_create_user():\n        url = f\"{BASE_URL}/users\"\n        payload = {\"name\": \"Rustam\", \"job\": \"QA Engineer\"}\n        log_request(\"POST\", url, json=payload)\n        resp = requests.post(url, json=payload)\n        log_response(resp)\n>       assert resp.status_code == 201\nE       assert 401 == 201\nE        +  where 401 = <Response [401]>.status_code\n\ntest_api.py:44: AssertionError"}, "attachments": [{"name": "Request", "source": "19d39a69-ed35-4064-95ee-be2465404f2a-attachment.json", "type": "application/json"}, {"name": "Response", "source": "4b02d7af-b8cd-4628-af01-5dd6be8e0797-attachment.json", "type": "application/json"}], "start": 1761589363864, "stop": 1761589366878, "uuid": "5ba96ec0-c177-4e0b-8665-d4a81f7037b6", "historyId": "6dc6ade2f649e89ff38a3162f9d7ef57", "testCaseId": "6dc6ade2f649e89ff38a3162f9d7ef57", "fullName": "tests.test_api#test_create_user", "labels": [{"name": "parentSuite", "value": "tests"}, {"name": "suite", "value": "test_api"}, {"name": "host", "value": "Rustams-MacBook-Pro.local"}, {"name": "thread", "value": "29892-MainThread"}, {"name": "framework", "value": "pytest"}, {"name": "language", "value": "cpython3"}, {"name": "package", "value": "tests.test_api"}], "titlePath": ["tests", "test_api.py"]}