{"name": "test_visual_demoqa_homepage", "status": "failed", "statusDetails": {"message": "AssertionError: Difference percentage 4.969936093151341% >= 2%\nassert np.float64(4.969936093151341) < 2.0", "trace": "def test_visual_demoqa_homepage():\n        ctx, page = new_context_page(headless=HEADLESS)\n        try:\n            page.goto(\"https://demoqa.com\", timeout=60000)\n            actual_path = \"build/screenshots/actual/homepage_actual.png\"\n            os.makedirs(os.path.dirname(actual_path), exist_ok=True)\n            page.screenshot(path=actual_path, full_page=True)\n            allure.attach.file(actual_path, name=\"actual_home\", attachment_type=allure.attachment_type.PNG)\n    \n            baseline = \"src/test/resources/screenshots/expected/demoqa_home.png\"\n            if not os.path.exists(baseline):\n                # if no baseline - create it\n                os.makedirs(os.path.dirname(baseline), exist_ok=True)\n                from shutil import copyfile\n                copyfile(actual_path, baseline)\n                allure.attach.file(baseline, name=\"baseline_created\", attachment_type=allure.attachment_type.PNG)\n                return\n    \n            diff_path = \"build/screenshots/actual/homepage_diff.png\"\n            percent = compare_images_percent(baseline, actual_path, diff_path)\n            allure.attach.file(diff_path, name=\"diff\", attachment_type=allure.attachment_type.PNG)\n>           assert percent < 2.0, f\"Difference percentage {percent}% >= 2%\"\nE           AssertionError: Difference percentage 4.969936093151341% >= 2%\nE           assert np.float64(4.969936093151341) < 2.0\n\ntest_visual.py:29: AssertionError"}, "attachments": [{"name": "actual_home", "source": "3189c622-9da2-4269-860e-50c255a2387e-attachment.png", "type": "image/png"}, {"name": "diff", "source": "ecae28a3-9d3c-4b11-b6a6-08f5f7893d51-attachment.png", "type": "image/png"}], "start": 1761633214556, "stop": 1761633222014, "uuid": "af70a109-ce5c-4c44-925f-1ec4a81bff57", "historyId": "88ba13d526ee46f7ee1b9f3c640e86fc", "testCaseId": "88ba13d526ee46f7ee1b9f3c640e86fc", "fullName": "tests.test_visual#test_visual_demoqa_homepage", "labels": [{"name": "parentSuite", "value": "tests"}, {"name": "suite", "value": "test_visual"}, {"name": "host", "value": "Rustams-MacBook-Pro.local"}, {"name": "thread", "value": "2637-MainThread"}, {"name": "framework", "value": "pytest"}, {"name": "language", "value": "cpython3"}, {"name": "package", "value": "tests.test_visual"}], "titlePath": ["tests", "test_visual.py"]}