{"name": "POST /users", "status": "failed", "statusDetails": {"message": "AssertionError: ❌ Ожидался статус 201, но получен 401\nURL: https://reqres.in/api/users\nОтвет: {\"error\":\"Missing API key\"}", "trace": "@allure.title(\"POST /users\")\n    def test_create_user():\n        with allure.step(\"Создаём нового пользователя\"):\n            payload = UserRequest(name=\"Rustam\", job=\"QA Engineer\")\n            resp = client.request(\"POST\", \"/users\", json=payload.to_dict())\n>           assert_status_code(resp, 201)\n\ntest_api.py:32: \n_ _ _ _ _ _ _ _ _ _ _ _ _ _ _ _ _ _ _ _ _ _ _ _ _ _ _ _ _ _ _ _ _ _ _ _ _ _ _ _ \n\nresponse = <Response [401]>, expected_codes = (201,), status_code = 401\nexpected_str = '201'\n\n    def assert_status_code(response, *expected_codes):\n        \"\"\"\n        Проверяет, что статус-код входит в список допустимых.\n        \"\"\"\n        status_code = response.status_code\n        expected_str = \", \".join(map(str, expected_codes))\n    \n        if status_code not in expected_codes:\n            allure.attach(\n                response.text,\n                name=f\"Response body ({status_code})\",\n                attachment_type=allure.attachment_type.JSON\n            )\n>           raise AssertionError(\n                f\"❌ Ожидался статус {expected_str}, но получен {status_code}\\n\"\n                f\"URL: {response.url}\\n\"\n                f\"Ответ: {response.text}\"\n            )\nE           AssertionError: ❌ Ожидался статус 201, но получен 401\nE           URL: https://reqres.in/api/users\nE           Ответ: {\"error\":\"Missing API key\"}\n\n../src/framework/utils/assertions.py:18: AssertionError"}, "steps": [{"name": "Создаём нового пользователя", "status": "failed", "statusDetails": {"message": "AssertionError: ❌ Ожидался статус 201, но получен 401\nURL: https://reqres.in/api/users\nОтвет: {\"error\":\"Missing API key\"}\n", "trace": "  File \"/Users/rustam/Desktop/pythonProjects/new_py_api_ui/tests/test_api.py\", line 32, in test_create_user\n    assert_status_code(resp, 201)\n  File \"/Users/rustam/Desktop/pythonProjects/new_py_api_ui/src/framework/utils/assertions.py\", line 18, in assert_status_code\n    raise AssertionError(\n"}, "steps": [{"name": "Отправляем 'POST' запрос на '/users'", "status": "passed", "attachments": [{"name": "Request", "source": "84fdcd4d-9572-49a8-827d-b9a69c1b644a-attachment.json", "type": "application/json"}, {"name": "Response", "source": "384bc72f-2937-43d2-86c1-5cc2ccbdeb17-attachment.json", "type": "application/json"}], "parameters": [{"name": "method", "value": "'POST'"}, {"name": "endpoint", "value": "'/users'"}, {"name": "json", "value": "{'name': 'Rustam', 'job': 'QA Engineer'}"}], "start": 1761658638786, "stop": 1761658639129}], "attachments": [{"name": "Response body (401)", "source": "6ea05ca0-84f5-48f8-8e8d-0442a5e4f75c-attachment.json", "type": "application/json"}], "start": 1761658638785, "stop": 1761658639129}], "start": 1761658638785, "stop": 1761658639129, "uuid": "37885c8a-3470-44d2-ae1d-796e0e50eb8d", "historyId": "6dc6ade2f649e89ff38a3162f9d7ef57", "testCaseId": "6dc6ade2f649e89ff38a3162f9d7ef57", "fullName": "tests.test_api#test_create_user", "labels": [{"name": "parentSuite", "value": "tests"}, {"name": "suite", "value": "test_api"}, {"name": "host", "value": "Rustams-MacBook-Pro.local"}, {"name": "thread", "value": "14992-MainThread"}, {"name": "framework", "value": "pytest"}, {"name": "language", "value": "cpython3"}, {"name": "package", "value": "tests.test_api"}], "titlePath": ["tests", "test_api.py"]}