{"name": "PUT /users/2", "status": "failed", "statusDetails": {"message": "AssertionError: assert 401 == 200\n +  where 401 = <Response [401]>.status_code", "trace": "@allure.title(\"PUT /users/2\")\n    def test_update_user_put():\n        url = f\"{BASE_URL}/users/2\"\n        payload = {\"name\": \"Rustam\", \"job\": \"Lead QA\"}\n        log_request(\"PUT\", url, json=payload)\n        resp = requests.put(url, json=payload)\n        log_response(resp)\n>       assert resp.status_code == 200\nE       assert 401 == 200\nE        +  where 401 = <Response [401]>.status_code\n\ntest_api.py:55: AssertionError"}, "attachments": [{"name": "Request", "source": "90cbe593-7605-4fc2-9f52-85ee5717eec5-attachment.json", "type": "application/json"}, {"name": "Response", "source": "6b6f70eb-9885-4de3-8e39-80b0a6455cce-attachment.json", "type": "application/json"}], "start": 1761589363864, "stop": 1761589365313, "uuid": "e3a54703-6043-42d5-ad9f-44b7af74e9e9", "historyId": "e20462842bd3c71f8f07c9cecd424b5b", "testCaseId": "e20462842bd3c71f8f07c9cecd424b5b", "fullName": "tests.test_api#test_update_user_put", "labels": [{"name": "parentSuite", "value": "tests"}, {"name": "suite", "value": "test_api"}, {"name": "host", "value": "Rustams-MacBook-Pro.local"}, {"name": "thread", "value": "29893-MainThread"}, {"name": "framework", "value": "pytest"}, {"name": "language", "value": "cpython3"}, {"name": "package", "value": "tests.test_api"}], "titlePath": ["tests", "test_api.py"]}