{"name": "POST /users", "status": "failed", "statusDetails": {"message": "AssertionError: assert 401 == 201\n +  where 401 = <Response [401]>.status_code", "trace": "@allure.title(\"POST /users\")\n    def test_create_user():\n        url = f\"{BASE_URL}/users\"\n        payload = {\"name\": \"Rustam\", \"job\": \"QA Engineer\"}\n        log_request(\"POST\", url, json=payload)\n        resp = requests.post(url, json=payload)\n        log_response(resp)\n>       assert resp.status_code == 201\nE       assert 401 == 201\nE        +  where 401 = <Response [401]>.status_code\n\ntest_api.py:44: AssertionError"}, "attachments": [{"name": "Request", "source": "d8b1c13a-5209-4d52-b42a-cef5e71a07bc-attachment.json", "type": "application/json"}, {"name": "Response", "source": "bb175522-e2e8-425f-b83a-7d9da13d84c8-attachment.json", "type": "application/json"}], "start": 1761633214554, "stop": 1761633214995, "uuid": "4419f752-a56f-4ddf-a898-41f94def0a87", "historyId": "6dc6ade2f649e89ff38a3162f9d7ef57", "testCaseId": "6dc6ade2f649e89ff38a3162f9d7ef57", "fullName": "tests.test_api#test_create_user", "labels": [{"name": "parentSuite", "value": "tests"}, {"name": "suite", "value": "test_api"}, {"name": "host", "value": "Rustams-MacBook-Pro.local"}, {"name": "thread", "value": "2632-MainThread"}, {"name": "framework", "value": "pytest"}, {"name": "language", "value": "cpython3"}, {"name": "package", "value": "tests.test_api"}], "titlePath": ["tests", "test_api.py"]}