{"name": "GET /users", "status": "failed", "statusDetails": {"message": "AssertionError: assert 401 == 200\n +  where 401 = <Response [401]>.status_code", "trace": "@allure.title(\"GET /users\")\n    def test_get_users():\n        url = f\"{BASE_URL}/users\"\n        log_request(\"GET\", url, params={\"page\": 2})\n        resp = requests.get(url, params={\"page\": 2})\n        log_response(resp)\n>       assert resp.status_code == 200\nE       assert 401 == 200\nE        +  where 401 = <Response [401]>.status_code\n\ntest_api.py:33: AssertionError"}, "attachments": [{"name": "Request", "source": "081f705d-2709-4601-8942-9cfbe31d0fb8-attachment.json", "type": "application/json"}, {"name": "Response", "source": "03873551-39dc-4899-9663-2924c2cbf028-attachment.json", "type": "application/json"}], "start": 1761589363865, "stop": 1761589365169, "uuid": "94b1b467-482d-4d1a-a65a-d55655f2ecdd", "historyId": "75d47a860b077f88e09a27b63462be46", "testCaseId": "75d47a860b077f88e09a27b63462be46", "fullName": "tests.test_api#test_get_users", "labels": [{"name": "parentSuite", "value": "tests"}, {"name": "suite", "value": "test_api"}, {"name": "host", "value": "Rustams-MacBook-Pro.local"}, {"name": "thread", "value": "29891-MainThread"}, {"name": "framework", "value": "pytest"}, {"name": "language", "value": "cpython3"}, {"name": "package", "value": "tests.test_api"}], "titlePath": ["tests", "test_api.py"]}