{"name": "PUT /users/2", "status": "failed", "statusDetails": {"message": "AssertionError: assert 401 == 200\n +  where 401 = <Response [401]>.status_code", "trace": "@allure.title(\"PUT /users/2\")\n    def test_update_user_put():\n        url = f\"{BASE_URL}/users/2\"\n        payload = {\"name\": \"Rustam\", \"job\": \"Lead QA\"}\n        log_request(\"PUT\", url, json=payload)\n        resp = requests.put(url, json=payload)\n        log_response(resp)\n>       assert resp.status_code == 200\nE       assert 401 == 200\nE        +  where 401 = <Response [401]>.status_code\n\ntest_api.py:55: AssertionError"}, "attachments": [{"name": "Request", "source": "ab6a0de9-2740-4567-bc80-1e3b795a022c-attachment.json", "type": "application/json"}, {"name": "Response", "source": "8418ef07-bd68-4f09-bb55-ea2bef8d15c3-attachment.json", "type": "application/json"}], "start": 1761633214553, "stop": 1761633215002, "uuid": "c2749d08-e025-4a4e-b773-f17d23709b07", "historyId": "e20462842bd3c71f8f07c9cecd424b5b", "testCaseId": "e20462842bd3c71f8f07c9cecd424b5b", "fullName": "tests.test_api#test_update_user_put", "labels": [{"name": "parentSuite", "value": "tests"}, {"name": "suite", "value": "test_api"}, {"name": "host", "value": "Rustams-MacBook-Pro.local"}, {"name": "thread", "value": "2633-MainThread"}, {"name": "framework", "value": "pytest"}, {"name": "language", "value": "cpython3"}, {"name": "package", "value": "tests.test_api"}], "titlePath": ["tests", "test_api.py"]}