{"name": "PUT /users/2", "status": "failed", "statusDetails": {"message": "AssertionError: ❌ Ожидался статус 200, но получен 401\nURL: https://reqres.in/api/users/2\nОтвет: {\"error\":\"Missing API key\"}", "trace": "@allure.title(\"PUT /users/2\")\n    def test_update_user_put():\n        with allure.step(\"Обновляем пользователя (PUT)\"):\n            payload = UserRequest(name=\"Rustam\", job=\"Lead QA\")\n            resp = client.request(\"PUT\", \"/users/2\", json=payload.to_dict())\n>           assert_status_code(resp, 200)\n\ntest_api.py:41: \n_ _ _ _ _ _ _ _ _ _ _ _ _ _ _ _ _ _ _ _ _ _ _ _ _ _ _ _ _ _ _ _ _ _ _ _ _ _ _ _ \n\nresponse = <Response [401]>, expected_codes = (200,), status_code = 401\nexpected_str = '200'\n\n    def assert_status_code(response, *expected_codes):\n        \"\"\"\n        Проверяет, что статус-код входит в список допустимых.\n        \"\"\"\n        status_code = response.status_code\n        expected_str = \", \".join(map(str, expected_codes))\n    \n        if status_code not in expected_codes:\n            allure.attach(\n                response.text,\n                name=f\"Response body ({status_code})\",\n                attachment_type=allure.attachment_type.JSON\n            )\n>           raise AssertionError(\n                f\"❌ Ожидался статус {expected_str}, но получен {status_code}\\n\"\n                f\"URL: {response.url}\\n\"\n                f\"Ответ: {response.text}\"\n            )\nE           AssertionError: ❌ Ожидался статус 200, но получен 401\nE           URL: https://reqres.in/api/users/2\nE           Ответ: {\"error\":\"Missing API key\"}\n\n../src/framework/utils/assertions.py:18: AssertionError"}, "steps": [{"name": "Обновляем пользователя (PUT)", "status": "failed", "statusDetails": {"message": "AssertionError: ❌ Ожидался статус 200, но получен 401\nURL: https://reqres.in/api/users/2\nОтвет: {\"error\":\"Missing API key\"}\n", "trace": "  File \"/Users/rustam/Desktop/pythonProjects/new_py_api_ui/tests/test_api.py\", line 41, in test_update_user_put\n    assert_status_code(resp, 200)\n  File \"/Users/rustam/Desktop/pythonProjects/new_py_api_ui/src/framework/utils/assertions.py\", line 18, in assert_status_code\n    raise AssertionError(\n"}, "steps": [{"name": "Отправляем 'PUT' запрос на '/users/2'", "status": "passed", "attachments": [{"name": "Request", "source": "0a2101e4-ada3-49a0-ad8a-88585d8828f3-attachment.json", "type": "application/json"}, {"name": "Response", "source": "7b7c09f1-56cf-4b59-bfc4-a4106da9adc2-attachment.json", "type": "application/json"}], "parameters": [{"name": "method", "value": "'PUT'"}, {"name": "endpoint", "value": "'/users/2'"}, {"name": "json", "value": "{'name': 'Rustam', 'job': 'Lead QA'}"}], "start": 1761658638787, "stop": 1761658639062}], "attachments": [{"name": "Response body (401)", "source": "f28169ba-11b9-49bc-a12c-c639cd45ff9f-attachment.json", "type": "application/json"}], "start": 1761658638787, "stop": 1761658639062}], "start": 1761658638787, "stop": 1761658639063, "uuid": "08235ec3-865a-44f4-91a6-ebdab347b9e8", "historyId": "e20462842bd3c71f8f07c9cecd424b5b", "testCaseId": "e20462842bd3c71f8f07c9cecd424b5b", "fullName": "tests.test_api#test_update_user_put", "labels": [{"name": "parentSuite", "value": "tests"}, {"name": "suite", "value": "test_api"}, {"name": "host", "value": "Rustams-MacBook-Pro.local"}, {"name": "thread", "value": "14993-MainThread"}, {"name": "framework", "value": "pytest"}, {"name": "language", "value": "cpython3"}, {"name": "package", "value": "tests.test_api"}], "titlePath": ["tests", "test_api.py"]}