{"name": "DELETE /users/2", "status": "failed", "statusDetails": {"message": "AssertionError: assert 401 == 204\n +  where 401 = <Response [401]>.status_code", "trace": "@allure.title(\"DELETE /users/2\")\n    def test_delete_user():\n        url = f\"{BASE_URL}/users/2\"\n        log_request(\"DELETE\", url)\n        resp = requests.delete(url)\n        log_response(resp)\n>       assert resp.status_code == 204\nE       assert 401 == 204\nE        +  where 401 = <Response [401]>.status_code\n\ntest_api.py:74: AssertionError"}, "attachments": [{"name": "Request", "source": "596da11c-8061-4b7f-88e6-9f33796d5fb8-attachment.json", "type": "application/json"}, {"name": "Response", "source": "cc12bc1e-cb88-4132-b37f-151be3ac77a6-attachment.json", "type": "application/json"}], "start": 1761589363865, "stop": 1761589365313, "uuid": "6a0b0b33-3241-4fc5-b488-299da55a89ec", "historyId": "ff34f976c058d4b9cd623d8ff1d2bc99", "testCaseId": "ff34f976c058d4b9cd623d8ff1d2bc99", "fullName": "tests.test_api#test_delete_user", "labels": [{"name": "parentSuite", "value": "tests"}, {"name": "suite", "value": "test_api"}, {"name": "host", "value": "Rustams-MacBook-Pro.local"}, {"name": "thread", "value": "29895-MainThread"}, {"name": "framework", "value": "pytest"}, {"name": "language", "value": "cpython3"}, {"name": "package", "value": "tests.test_api"}], "titlePath": ["tests", "test_api.py"]}