{"name": "DELETE /users/2", "status": "failed", "statusDetails": {"message": "AssertionError: assert 401 == 204\n +  where 401 = <Response [401]>.status_code", "trace": "@allure.title(\"DELETE /users/2\")\n    def test_delete_user():\n        url = f\"{BASE_URL}/users/2\"\n        log_request(\"DELETE\", url)\n        resp = requests.delete(url)\n        log_response(resp)\n>       assert resp.status_code == 204\nE       assert 401 == 204\nE        +  where 401 = <Response [401]>.status_code\n\ntest_api.py:74: AssertionError"}, "attachments": [{"name": "Request", "source": "46b04bcf-7e70-4856-8b9a-83fd220aae11-attachment.json", "type": "application/json"}, {"name": "Response", "source": "fc5643f2-2d12-4d13-95ee-d3a432904360-attachment.json", "type": "application/json"}], "start": 1761633214554, "stop": 1761633214995, "uuid": "9ef8c93b-4dfa-4b48-8296-46a2667a3b23", "historyId": "ff34f976c058d4b9cd623d8ff1d2bc99", "testCaseId": "ff34f976c058d4b9cd623d8ff1d2bc99", "fullName": "tests.test_api#test_delete_user", "labels": [{"name": "parentSuite", "value": "tests"}, {"name": "suite", "value": "test_api"}, {"name": "host", "value": "Rustams-MacBook-Pro.local"}, {"name": "thread", "value": "2635-MainThread"}, {"name": "framework", "value": "pytest"}, {"name": "language", "value": "cpython3"}, {"name": "package", "value": "tests.test_api"}], "titlePath": ["tests", "test_api.py"]}