{"name": "DELETE /users/2", "status": "failed", "statusDetails": {"message": "AssertionError: assert 401 in (200, 204)\n +  where 401 = <Response [401]>.status_code", "trace": "@allure.title(\"DELETE /users/2\")\n    def test_delete_user():\n        with allure.step(\"Удаляем пользователя\"):\n            resp = client.request(\"DELETE\", \"/users/2\")\n>           assert resp.status_code in (200, 204)\nE           assert 401 in (200, 204)\nE            +  where 401 = <Response [401]>.status_code\n\ntests/test_api.py:50: AssertionError"}, "steps": [{"name": "Удаляем пользователя", "status": "failed", "statusDetails": {"message": "AssertionError: assert 401 in (200, 204)\n +  where 401 = <Response [401]>.status_code\n", "trace": "  File \"/Users/rustam/Desktop/pythonProjects/new_py_api_ui/tests/test_api.py\", line 50, in test_delete_user\n    assert resp.status_code in (200, 204)\n"}, "steps": [{"name": "Отправляем 'DELETE' запрос на '/users/2'", "status": "passed", "attachments": [{"name": "Request", "source": "0f9d81fc-120f-45cd-bff1-a82e084ffa38-attachment.json", "type": "application/json"}, {"name": "Response", "source": "f10925d2-e838-4364-8ce3-b65f752ca275-attachment.json", "type": "application/json"}], "parameters": [{"name": "method", "value": "'DELETE'"}, {"name": "endpoint", "value": "'/users/2'"}], "start": 1761657807460, "stop": 1761657807811}], "start": 1761657807460, "stop": 1761657807811}], "start": 1761657807460, "stop": 1761657807812, "uuid": "c685db23-f8ed-484a-ba53-950f5bb01ad4", "historyId": "ff34f976c058d4b9cd623d8ff1d2bc99", "testCaseId": "ff34f976c058d4b9cd623d8ff1d2bc99", "fullName": "tests.test_api#test_delete_user", "labels": [{"name": "parentSuite", "value": "tests"}, {"name": "suite", "value": "test_api"}, {"name": "host", "value": "Rustams-MacBook-Pro.local"}, {"name": "thread", "value": "14436-MainThread"}, {"name": "framework", "value": "pytest"}, {"name": "language", "value": "cpython3"}, {"name": "package", "value": "tests.test_api"}], "titlePath": ["tests", "test_api.py"]}