{"name": "PUT /users/2", "status": "failed", "statusDetails": {"message": "AssertionError: assert 401 == 200\n +  where 401 = <Response [401]>.status_code", "trace": "@allure.title(\"PUT /users/2\")\n    def test_update_user_put():\n        with allure.step(\"Обновляем пользователя (PUT)\"):\n            payload = UserRequest(name=\"Rustam\", job=\"Lead QA\")\n            resp = client.request(\"PUT\", \"/users/2\", json=payload.to_dict())\n>           assert resp.status_code == 200\nE           assert 401 == 200\nE            +  where 401 = <Response [401]>.status_code\n\ntests/test_api.py:31: AssertionError"}, "steps": [{"name": "Обновляем пользователя (PUT)", "status": "failed", "statusDetails": {"message": "AssertionError: assert 401 == 200\n +  where 401 = <Response [401]>.status_code\n", "trace": "  File \"/Users/rustam/Desktop/pythonProjects/new_py_api_ui/tests/test_api.py\", line 31, in test_update_user_put\n    assert resp.status_code == 200\n"}, "steps": [{"name": "Отправляем PUT запрос на https://reqres.in/api/users/2", "status": "passed", "attachments": [{"name": "Request", "source": "29dc06e5-d4e8-4a8e-a9cf-c05f74f89fac-attachment.json", "type": "application/json"}, {"name": "Response", "source": "c54a66aa-7b16-42d1-9ec6-1e3316699bad-attachment.json", "type": "application/json"}], "start": 1761657298353, "stop": 1761657298738}], "start": 1761657298353, "stop": 1761657298738}], "start": 1761657298353, "stop": 1761657298738, "uuid": "441462d2-cd35-41c2-b96e-dad706ade00a", "historyId": "e20462842bd3c71f8f07c9cecd424b5b", "testCaseId": "e20462842bd3c71f8f07c9cecd424b5b", "fullName": "tests.test_api#test_update_user_put", "labels": [{"name": "parentSuite", "value": "tests"}, {"name": "suite", "value": "test_api"}, {"name": "host", "value": "Rustams-MacBook-Pro.local"}, {"name": "thread", "value": "14118-MainThread"}, {"name": "framework", "value": "pytest"}, {"name": "language", "value": "cpython3"}, {"name": "package", "value": "tests.test_api"}], "titlePath": ["tests", "test_api.py"]}