{"name": "PATCH /users/2", "status": "failed", "statusDetails": {"message": "AssertionError: assert 401 == 200\n +  where 401 = <Response [401]>.status_code", "trace": "@allure.title(\"PATCH /users/2\")\n    def test_update_user_patch():\n        with allure.step(\"Обновляем пользователя (PATCH)\"):\n            payload = {\"job\": \"Automation Architect\"}\n            resp = client.request(\"PATCH\", \"/users/2\", json=payload)\n>           assert resp.status_code == 200\nE           assert 401 == 200\nE            +  where 401 = <Response [401]>.status_code\n\ntests/test_api.py:39: AssertionError"}, "steps": [{"name": "Обновляем пользователя (PATCH)", "status": "failed", "statusDetails": {"message": "AssertionError: assert 401 == 200\n +  where 401 = <Response [401]>.status_code\n", "trace": "  File \"/Users/rustam/Desktop/pythonProjects/new_py_api_ui/tests/test_api.py\", line 39, in test_update_user_patch\n    assert resp.status_code == 200\n"}, "steps": [{"name": "Отправляем PATCH запрос на https://reqres.in/api/users/2", "status": "passed", "attachments": [{"name": "Request", "source": "e9865113-df2d-460f-9038-7101e30d0950-attachment.json", "type": "application/json"}, {"name": "Response", "source": "e5294f54-c55c-42b6-ac14-8c21b71c1205-attachment.json", "type": "application/json"}], "start": 1761657298353, "stop": 1761657298740}], "start": 1761657298353, "stop": 1761657298740}], "start": 1761657298353, "stop": 1761657298740, "uuid": "0383fcef-bd9d-4a17-a282-04454b130298", "historyId": "2ee7ffe9fd5026e11ac9bb6bca8100b6", "testCaseId": "2ee7ffe9fd5026e11ac9bb6bca8100b6", "fullName": "tests.test_api#test_update_user_patch", "labels": [{"name": "parentSuite", "value": "tests"}, {"name": "suite", "value": "test_api"}, {"name": "host", "value": "Rustams-MacBook-Pro.local"}, {"name": "thread", "value": "14119-MainThread"}, {"name": "framework", "value": "pytest"}, {"name": "language", "value": "cpython3"}, {"name": "package", "value": "tests.test_api"}], "titlePath": ["tests", "test_api.py"]}