{"name": "DELETE /users/2", "status": "failed", "statusDetails": {"message": "AssertionError: ❌ Ожидался статус 200, 204, но получен 401.\nURL: https://reqres.in/api/users/2\nОтвет: {\"error\":\"Missing API key\"}", "trace": "@allure.title(\"DELETE /users/2\")\n    def test_delete_user():\n        with allure.step(\"Удаляем пользователя\"):\n            resp = client.request(\"DELETE\", \"/users/2\")\n>           assert_status_code(resp, 200, 204)\n\ntests/test_api.py:51: \n_ _ _ _ _ _ _ _ _ _ _ _ _ _ _ _ _ _ _ _ _ _ _ _ _ _ _ _ _ _ _ _ _ _ _ _ _ _ _ _ \n\nresponse = <Response [401]>, expected_codes = (200, 204), status_code = 401\nexpected_str = '200, 204'\n\n    def assert_status_code(response, *expected_codes):\n        \"\"\"\n        Проверяет, что статус-код ответа входит в список допустимых.\n        Добавляет тело ответа в Allure при ошибке.\n    \n        :param response: объект Response\n        :param expected_codes: один или несколько допустимых кодов (например, 200, 204)\n        \"\"\"\n        status_code = response.status_code\n        expected_str = \", \".join(map(str, expected_codes))\n    \n        if status_code not in expected_codes:\n            allure.attach(\n                response.text,\n                name=f\"Response body ({status_code})\",\n                attachment_type=allure.attachment_type.JSON\n            )\n    \n>           raise AssertionError(\n                f\"❌ Ожидался статус {expected_str}, но получен {status_code}.\\n\"\n                f\"URL: {response.url}\\n\"\n                f\"Ответ: {response.text}\"\n            )\nE           AssertionError: ❌ Ожидался статус 200, 204, но получен 401.\nE           URL: https://reqres.in/api/users/2\nE           Ответ: {\"error\":\"Missing API key\"}\n\nsrc/framework/utils/assertions.py:21: AssertionError"}, "steps": [{"name": "Удаляем пользователя", "status": "failed", "statusDetails": {"message": "AssertionError: ❌ Ожидался статус 200, 204, но получен 401.\nURL: https://reqres.in/api/users/2\nОтвет: {\"error\":\"Missing API key\"}\n", "trace": "  File \"/Users/rustam/Desktop/pythonProjects/new_py_api_ui/tests/test_api.py\", line 51, in test_delete_user\n    assert_status_code(resp, 200, 204)\n  File \"/Users/rustam/Desktop/pythonProjects/new_py_api_ui/src/framework/utils/assertions.py\", line 21, in assert_status_code\n    raise AssertionError(\n"}, "steps": [{"name": "Отправляем 'DELETE' запрос на '/users/2'", "status": "passed", "attachments": [{"name": "Request", "source": "f4145746-74dd-4bed-b1f8-8dc62a0227b4-attachment.json", "type": "application/json"}, {"name": "Response", "source": "c32562cd-3261-40b5-bcf0-0bcb85ae564a-attachment.json", "type": "application/json"}], "parameters": [{"name": "method", "value": "'DELETE'"}, {"name": "endpoint", "value": "'/users/2'"}], "start": 1761658274752, "stop": 1761658275125}], "attachments": [{"name": "Response body (401)", "source": "55ba42ea-65fd-4416-8e1c-8f81fdefbe91-attachment.json", "type": "application/json"}], "start": 1761658274752, "stop": 1761658275126}], "start": 1761658274752, "stop": 1761658275126, "uuid": "fa572faf-a61a-4083-89d5-ef3095d2f182", "historyId": "ff34f976c058d4b9cd623d8ff1d2bc99", "testCaseId": "ff34f976c058d4b9cd623d8ff1d2bc99", "fullName": "tests.test_api#test_delete_user", "labels": [{"name": "parentSuite", "value": "tests"}, {"name": "suite", "value": "test_api"}, {"name": "host", "value": "Rustams-MacBook-Pro.local"}, {"name": "thread", "value": "14747-MainThread"}, {"name": "framework", "value": "pytest"}, {"name": "language", "value": "cpython3"}, {"name": "package", "value": "tests.test_api"}], "titlePath": ["tests", "test_api.py"]}