{"name": "DELETE /users/2", "status": "failed", "statusDetails": {"message": "AssertionError: assert 401 == 204\n +  where 401 = <Response [401]>.status_code", "trace": "@allure.title(\"DELETE /users/2\")\n    def test_delete_user():\n        url = f\"{BASE_URL}/users/2\"\n        log_request(\"DELETE\", url)\n        resp = requests.delete(url)\n        log_response(resp)\n>       assert resp.status_code == 204\nE       assert 401 == 204\nE        +  where 401 = <Response [401]>.status_code\n\ntests/test_api.py:74: AssertionError"}, "attachments": [{"name": "Request", "source": "7130ad73-c13d-4137-8c2c-1a18fcfed23f-attachment.json", "type": "application/json"}, {"name": "Response", "source": "bbf009f4-4aea-4032-8d07-acc3b2192dcd-attachment.json", "type": "application/json"}], "start": 1761634873980, "stop": 1761634874327, "uuid": "d13a434b-bef4-4b61-8322-cb03d4f7ca1c", "historyId": "ff34f976c058d4b9cd623d8ff1d2bc99", "testCaseId": "ff34f976c058d4b9cd623d8ff1d2bc99", "fullName": "tests.test_api#test_delete_user", "labels": [{"name": "parentSuite", "value": "tests"}, {"name": "suite", "value": "test_api"}, {"name": "host", "value": "Rustams-MacBook-Pro.local"}, {"name": "thread", "value": "3977-MainThread"}, {"name": "framework", "value": "pytest"}, {"name": "language", "value": "cpython3"}, {"name": "package", "value": "tests.test_api"}]}