{"name": "PATCH /users/2", "status": "failed", "statusDetails": {"message": "AssertionError: assert 401 == 200\n +  where 401 = <Response [401]>.status_code", "trace": "@allure.title(\"PATCH /users/2\")\n    def test_update_user_patch():\n        url = f\"{BASE_URL}/users/2\"\n        payload = {\"job\": \"Automation Architect\"}\n        log_request(\"PATCH\", url, json=payload)\n        resp = requests.patch(url, json=payload)\n        log_response(resp)\n>       assert resp.status_code == 200\nE       assert 401 == 200\nE        +  where 401 = <Response [401]>.status_code\n\ntests/test_api.py:65: AssertionError"}, "attachments": [{"name": "Request", "source": "db4066c9-2a54-45cf-bb71-32f0d11a3826-attachment.json", "type": "application/json"}, {"name": "Response", "source": "c0a1095d-3a1c-4dcc-99e2-008b9733f648-attachment.json", "type": "application/json"}], "start": 1761634873980, "stop": 1761634874322, "uuid": "648f7cb5-e44d-4710-a318-a8bc2024cbb9", "historyId": "2ee7ffe9fd5026e11ac9bb6bca8100b6", "testCaseId": "2ee7ffe9fd5026e11ac9bb6bca8100b6", "fullName": "tests.test_api#test_update_user_patch", "labels": [{"name": "parentSuite", "value": "tests"}, {"name": "suite", "value": "test_api"}, {"name": "host", "value": "Rustams-MacBook-Pro.local"}, {"name": "thread", "value": "3976-MainThread"}, {"name": "framework", "value": "pytest"}, {"name": "language", "value": "cpython3"}, {"name": "package", "value": "tests.test_api"}]}