{"name": "DELETE /users/2", "status": "failed", "statusDetails": {"message": "AssertionError: assert 401 == 204\n +  where 401 = <Response [401]>.status_code", "trace": "@allure.title(\"DELETE /users/2\")\n    def test_delete_user():\n        with allure.step(\"Удаляем пользователя\"):\n            resp = client.request(\"DELETE\", \"/users/2\")\n>           assert resp.status_code == 204\nE           assert 401 == 204\nE            +  where 401 = <Response [401]>.status_code\n\ntests/test_api.py:46: AssertionError"}, "steps": [{"name": "Удаляем пользователя", "status": "failed", "statusDetails": {"message": "AssertionError: assert 401 == 204\n +  where 401 = <Response [401]>.status_code\n", "trace": "  File \"/Users/rustam/Desktop/pythonProjects/new_py_api_ui/tests/test_api.py\", line 46, in test_delete_user\n    assert resp.status_code == 204\n"}, "steps": [{"name": "Отправляем DELETE запрос на https://reqres.in/api/users/2", "status": "passed", "attachments": [{"name": "Request", "source": "7c7fb865-fe5a-4993-a1e8-4ace8b33943f-attachment.json", "type": "application/json"}, {"name": "Response", "source": "b3292810-1299-4ec6-ba4b-a07b5258017a-attachment.json", "type": "application/json"}], "start": 1761657298358, "stop": 1761657298724}], "start": 1761657298357, "stop": 1761657298724}], "start": 1761657298357, "stop": 1761657298725, "uuid": "be39c86e-f372-4e26-b801-d32de279ae59", "historyId": "ff34f976c058d4b9cd623d8ff1d2bc99", "testCaseId": "ff34f976c058d4b9cd623d8ff1d2bc99", "fullName": "tests.test_api#test_delete_user", "labels": [{"name": "parentSuite", "value": "tests"}, {"name": "suite", "value": "test_api"}, {"name": "host", "value": "Rustams-MacBook-Pro.local"}, {"name": "thread", "value": "14120-MainThread"}, {"name": "framework", "value": "pytest"}, {"name": "language", "value": "cpython3"}, {"name": "package", "value": "tests.test_api"}], "titlePath": ["tests", "test_api.py"]}