{"name": "PUT /users/2", "status": "failed", "statusDetails": {"message": "AssertionError: assert 401 == 200\n +  where 401 = <Response [401]>.status_code", "trace": "@allure.title(\"PUT /users/2\")\n    def test_update_user_put():\n        url = f\"{BASE_URL}/users/2\"\n        payload = {\"name\": \"Rustam\", \"job\": \"Lead QA\"}\n        log_request(\"PUT\", url, json=payload)\n        resp = requests.put(url, json=payload)\n        log_response(resp)\n>       assert resp.status_code == 200\nE       assert 401 == 200\nE        +  where 401 = <Response [401]>.status_code\n\ntests/test_api.py:55: AssertionError"}, "attachments": [{"name": "Request", "source": "eb3daa46-8b49-4232-bbc1-358e6b09f210-attachment.json", "type": "application/json"}, {"name": "Response", "source": "aedefaf4-48d9-40ca-bdf7-8c232705d92d-attachment.json", "type": "application/json"}], "start": 1761634873982, "stop": 1761634874305, "uuid": "bc186110-048d-41bf-9a9b-a1cc0689659f", "historyId": "e20462842bd3c71f8f07c9cecd424b5b", "testCaseId": "e20462842bd3c71f8f07c9cecd424b5b", "fullName": "tests.test_api#test_update_user_put", "labels": [{"name": "parentSuite", "value": "tests"}, {"name": "suite", "value": "test_api"}, {"name": "host", "value": "Rustams-MacBook-Pro.local"}, {"name": "thread", "value": "3975-MainThread"}, {"name": "framework", "value": "pytest"}, {"name": "language", "value": "cpython3"}, {"name": "package", "value": "tests.test_api"}]}