{"name": "POST /users", "status": "failed", "statusDetails": {"message": "AssertionError: assert 401 == 201\n +  where 401 = <Response [401]>.status_code", "trace": "@allure.title(\"POST /users\")\n    def test_create_user():\n        url = f\"{BASE_URL}/users\"\n        payload = {\"name\": \"Rustam\", \"job\": \"QA Engineer\"}\n        log_request(\"POST\", url, json=payload)\n        resp = requests.post(url, json=payload)\n        log_response(resp)\n>       assert resp.status_code == 201\nE       assert 401 == 201\nE        +  where 401 = <Response [401]>.status_code\n\ntests/test_api.py:44: AssertionError"}, "attachments": [{"name": "Request", "source": "3e5a327a-b4c0-45ba-92fc-57eb6d8a2287-attachment.json", "type": "application/json"}, {"name": "Response", "source": "872bde41-bc07-44b5-9585-f778f7900c3b-attachment.json", "type": "application/json"}], "start": 1761634873980, "stop": 1761634874327, "uuid": "0de3108b-4204-4fcc-a4ae-82ffeaa81fee", "historyId": "6dc6ade2f649e89ff38a3162f9d7ef57", "testCaseId": "6dc6ade2f649e89ff38a3162f9d7ef57", "fullName": "tests.test_api#test_create_user", "labels": [{"name": "parentSuite", "value": "tests"}, {"name": "suite", "value": "test_api"}, {"name": "host", "value": "Rustams-MacBook-Pro.local"}, {"name": "thread", "value": "3974-MainThread"}, {"name": "framework", "value": "pytest"}, {"name": "language", "value": "cpython3"}, {"name": "package", "value": "tests.test_api"}]}