{"name": "POST /users", "status": "failed", "statusDetails": {"message": "AssertionError: assert 401 == 201\n +  where 401 = <Response [401]>.status_code", "trace": "@allure.title(\"POST /users\")\n    def test_create_user():\n        with allure.step(\"Создаём нового пользователя\"):\n            payload = UserRequest(name=\"Rustam\", job=\"QA Engineer\")\n            resp = client.request(\"POST\", \"/users\", json=payload.to_dict())\n>           assert resp.status_code == 201\nE           assert 401 == 201\nE            +  where 401 = <Response [401]>.status_code\n\ntests/test_api.py:22: AssertionError"}, "steps": [{"name": "Создаём нового пользователя", "status": "failed", "statusDetails": {"message": "AssertionError: assert 401 == 201\n +  where 401 = <Response [401]>.status_code\n", "trace": "  File \"/Users/rustam/Desktop/pythonProjects/new_py_api_ui/tests/test_api.py\", line 22, in test_create_user\n    assert resp.status_code == 201\n"}, "steps": [{"name": "Отправляем POST запрос на https://reqres.in/api/users", "status": "passed", "attachments": [{"name": "Request", "source": "aa78342d-0d5e-40d1-b7c9-ce054db11667-attachment.json", "type": "application/json"}, {"name": "Response", "source": "53ac86af-db76-4082-a20b-8b94ec8585a4-attachment.json", "type": "application/json"}], "start": 1761657298353, "stop": 1761657298735}], "start": 1761657298353, "stop": 1761657298735}], "start": 1761657298352, "stop": 1761657298736, "uuid": "f6ce53c9-d694-46c4-b4e5-5f259854fd7e", "historyId": "6dc6ade2f649e89ff38a3162f9d7ef57", "testCaseId": "6dc6ade2f649e89ff38a3162f9d7ef57", "fullName": "tests.test_api#test_create_user", "labels": [{"name": "parentSuite", "value": "tests"}, {"name": "suite", "value": "test_api"}, {"name": "host", "value": "Rustams-MacBook-Pro.local"}, {"name": "thread", "value": "14117-MainThread"}, {"name": "framework", "value": "pytest"}, {"name": "language", "value": "cpython3"}, {"name": "package", "value": "tests.test_api"}], "titlePath": ["tests", "test_api.py"]}